<?xml version="1.0" encoding="UTF-8"?>
<!-- Generated by org.testng.reporters.JUnitReportReporter -->
<testsuite hostname="IN-PG02NMCV" failures="0" tests="3" name="devopsDemo.LaunchBrowser" time="0.009" errors="0" timestamp="2023-08-13T22:19:47 IST" skipped="0">
  <testcase classname="devopsDemo.LaunchBrowser" name="myTest3" time="0.001"/>
  <system-out/>
  <testcase classname="devopsDemo.LaunchBrowser" name="myTest" time="0.007"/>
  <system-out/>
  <testcase classname="devopsDemo.LaunchBrowser" name="myTest2" time="0.001"/>
  <system-out/>
</testsuite> <!-- devopsDemo.LaunchBrowser -->
